<?xml version="1.0" encoding="UTF-8"?>
<testng-results skipped="0" failed="0" total="1" passed="1">
  <reporter-output>
  </reporter-output>
  <suite name="Default suite" duration-ms="2787" started-at="2017-07-23T15:08:00Z" finished-at="2017-07-23T15:08:03Z">
    <groups>
    </groups>
    <test name="Default test" duration-ms="2787" started-at="2017-07-23T15:08:00Z" finished-at="2017-07-23T15:08:03Z">
      <class name="TechincalTest.basics">
        <test-method status="PASS" signature="getPlaceAPI()" name="getPlaceAPI" duration-ms="2770" started-at="2017-07-23T15:08:00Z" finished-at="2017-07-23T15:08:03Z">
        </test-method>
      </class>
    </test>
  </suite>
</testng-results>
